c:\users\ianjasper\programmer-files\project\c++\robot arena\robot arena\debug\vc140.pdb
c:\users\ianjasper\programmer-files\project\c++\robot arena\robot arena\debug\vc140.idb
c:\users\ianjasper\programmer-files\project\c++\robot arena\robot arena\debug\animation.obj
c:\users\ianjasper\programmer-files\project\c++\robot arena\robot arena\debug\buttoneffect.obj
c:\users\ianjasper\programmer-files\project\c++\robot arena\robot arena\debug\buttons.obj
c:\users\ianjasper\programmer-files\project\c++\robot arena\robot arena\debug\player.obj
c:\users\ianjasper\programmer-files\project\c++\robot arena\robot arena\debug\robot.obj
c:\users\ianjasper\programmer-files\project\c++\robot arena\robot arena\debug\gamestate.obj
c:\users\ianjasper\programmer-files\project\c++\robot arena\robot arena\debug\inputhandler.obj
c:\users\ianjasper\programmer-files\project\c++\robot arena\robot arena\debug\main.obj
c:\users\ianjasper\programmer-files\project\c++\robot arena\robot arena\debug\game.obj
c:\users\ianjasper\programmer-files\project\c++\robot arena\robot arena\debug\matrixcode.obj
c:\users\ianjasper\programmer-files\project\c++\robot arena\robot arena\debug\menustate.obj
c:\users\ianjasper\programmer-files\project\c++\robot arena\robot arena\debug\playstate.obj
c:\users\ianjasper\programmer-files\project\c++\robot arena\robot arena\debug\sound.obj
c:\users\ianjasper\programmer-files\project\c++\robot arena\robot arena\debug\spawner.obj
c:\users\ianjasper\programmer-files\project\c++\robot arena\robot arena\debug\splash.obj
c:\users\ianjasper\programmer-files\project\c++\robot arena\robot arena\debug\splashstate.obj
c:\users\ianjasper\programmer-files\project\c++\robot arena\robot arena\debug\state.obj
c:\users\ianjasper\programmer-files\project\c++\robot arena\robot arena\debug\statemanager.obj
c:\users\ianjasper\programmer-files\project\c++\robot arena\robot arena\debug\textureatlas.obj
c:\users\ianjasper\programmer-files\project\c++\robot arena\robot arena\debug\weapon.obj
c:\users\ianjasper\programmer-files\project\c++\robot arena\robot arena\debug\bullet.obj
c:\users\ianjasper\programmer-files\project\c++\robot arena\robot arena\debug\cursor.obj
c:\users\ianjasper\programmer-files\project\c++\robot arena\robot arena\debug\entity.obj
c:\users\ianjasper\programmer-files\project\c++\robot arena\robot arena\debug\gamecamera.obj
c:\users\ianjasper\programmer-files\project\c++\robot arena\robot arena\debug\minion.obj
c:\users\ianjasper\programmer-files\project\c++\robot arena\robot arena\debug\robotgenerator.obj
c:\users\ianjasper\programmer-files\project\c++\robot arena\debug\robot arena.ilk
c:\users\ianjasper\programmer-files\project\c++\robot arena\debug\robot arena.exe
c:\users\ianjasper\programmer-files\project\c++\robot arena\debug\robot arena.pdb
c:\users\ianjasper\programmer-files\project\c++\robot arena\robot arena\debug\robot arena.tlog\cl.command.1.tlog
c:\users\ianjasper\programmer-files\project\c++\robot arena\robot arena\debug\robot arena.tlog\cl.read.1.tlog
c:\users\ianjasper\programmer-files\project\c++\robot arena\robot arena\debug\robot arena.tlog\cl.write.1.tlog
c:\users\ianjasper\programmer-files\project\c++\robot arena\robot arena\debug\robot arena.tlog\link.command.1.tlog
c:\users\ianjasper\programmer-files\project\c++\robot arena\robot arena\debug\robot arena.tlog\link.read.1.tlog
c:\users\ianjasper\programmer-files\project\c++\robot arena\robot arena\debug\robot arena.tlog\link.write.1.tlog
